<?xml version="1.0" encoding="UTF-8"?>
<!-- Generated by org.testng.reporters.JUnitXMLReporter -->
<testsuite ignored="0" hostname="Sulagnas-MacBook-Air.local" failures="1" tests="1" name="Command line test" time="37.303" errors="0" timestamp="2021-06-20T12:05:32 IST">
  <testcase classname="com.weather.assignment.Weather.WeatherTest" name="test" time="21.347">
    <failure type="java.lang.Exception" message="Error occured in tempratureSearchCityController Index: 0">
      <![CDATA[java.lang.Exception: Error occured in tempratureSearchCityController Index: 0
at com.weather.assignment.Weather.NdtvController.tempratureSearchCityController(NdtvController.java:48)
at com.weather.assignment.Weather.WeatherTest.test(WeatherTest.java:24)
at java.base/java.util.ArrayList.forEach(ArrayList.java:1507)
... Removed 36 stack frames]]>
    </failure>
  </testcase> <!-- test -->
</testsuite> <!-- Command line test -->
