-------------------------------------------------------------------------------
Test set: com.weather.assignment.Weather.WeatherTest
-------------------------------------------------------------------------------
Tests run: 3, Failures: 1, Errors: 0, Skipped: 0, Time elapsed: 32.401 s <<< FAILURE! - in com.weather.assignment.Weather.WeatherTest
compareWeathertest(com.weather.assignment.Weather.WeatherTest)  Time elapsed: 0.015 s  <<< FAILURE!
java.lang.Exception: Error occured in compareCityTempratuenull
	at com.weather.assignment.Weather.WeatherTest.compareWeathertest(WeatherTest.java:38)

