<?xml version="1.0" encoding="UTF-8"?>
<testsuite xmlns:xsi="http://www.w3.org/2001/XMLSchema-instance" xsi:noNamespaceSchemaLocation="https://maven.apache.org/surefire/maven-surefire-plugin/xsd/surefire-test-report.xsd" name="com.weather.assignment.Weather.WeatherTest" time="32.401" tests="3" errors="0" skipped="0" failures="1">
  <properties>
[...]
</properties>
  <testcase name="ndtvTest" classname="com.weather.assignment.Weather.WeatherTest" time="16.5"/>
  <testcase name="openWeathertest" classname="com.weather.assignment.Weather.WeatherTest" time="3.104"/>
  <testcase name="compareWeathertest" classname="com.weather.assignment.Weather.WeatherTest" time="0.015">
    <failure message="Error occured in compareCityTempratuenull" type="java.lang.Exception">java.lang.Exception: Error occured in compareCityTempratuenull
	at com.weather.assignment.Weather.WeatherTest.compareWeathertest(WeatherTest.java:38)
</failure>
  </testcase>
</testsuite>