<?xml version="1.0" encoding="UTF-8"?>
<testng-results ignored="0" total="3" passed="2" failed="1" skipped="0">
  <reporter-output>
  </reporter-output>
  <suite started-at="2021-06-20T13:12:57 IST" name="Surefire suite" finished-at="2021-06-20T13:13:29 IST" duration-ms="31897">
    <groups>
    </groups>
    <test started-at="2021-06-20T13:12:57 IST" name="Surefire test" finished-at="2021-06-20T13:13:29 IST" duration-ms="31897">
      <class name="com.weather.assignment.Weather.WeatherTest">
        <test-method is-config="true" signature="setup()[pri:0, instance:com.weather.assignment.Weather.WeatherTest@646007f4]" started-at="2021-06-20T13:12:57 IST" name="setup" finished-at="2021-06-20T13:13:09 IST" duration-ms="11863" status="PASS">
          <reporter-output>
          </reporter-output>
        </test-method> <!-- setup -->
        <test-method signature="ndtvTest()[pri:1, instance:com.weather.assignment.Weather.WeatherTest@646007f4]" started-at="2021-06-20T13:13:09 IST" name="ndtvTest" finished-at="2021-06-20T13:13:26 IST" duration-ms="16490" status="PASS">
          <reporter-output>
          </reporter-output>
        </test-method> <!-- ndtvTest -->
        <test-method signature="openWeathertest()[pri:2, instance:com.weather.assignment.Weather.WeatherTest@646007f4]" started-at="2021-06-20T13:13:26 IST" name="openWeathertest" finished-at="2021-06-20T13:13:29 IST" duration-ms="3113" status="PASS">
          <reporter-output>
          </reporter-output>
        </test-method> <!-- openWeathertest -->
        <test-method signature="compareWeathertest()[pri:3, instance:com.weather.assignment.Weather.WeatherTest@646007f4]" started-at="2021-06-20T13:13:29 IST" name="compareWeathertest" finished-at="2021-06-20T13:13:29 IST" duration-ms="1" status="FAIL">
          <exception class="java.lang.Exception">
            <message>
              <![CDATA[Error occured in compareCityTempratuenull]]>
            </message>
            <full-stacktrace>
              <![CDATA[java.lang.Exception: Error occured in compareCityTempratuenull
at com.weather.assignment.Weather.WeatherComparator.compareCityTempratue(WeatherComparator.java:24)
at com.weather.assignment.Weather.WeatherTest.compareWeathertest(WeatherTest.java:38)
at java.base/jdk.internal.reflect.NativeMethodAccessorImpl.invoke0(Native Method)
at java.base/jdk.internal.reflect.NativeMethodAccessorImpl.invoke(NativeMethodAccessorImpl.java:62)
at java.base/jdk.internal.reflect.DelegatingMethodAccessorImpl.invoke(DelegatingMethodAccessorImpl.java:43)
at java.base/java.lang.reflect.Method.invoke(Method.java:567)
at org.testng.internal.MethodInvocationHelper.invokeMethod(MethodInvocationHelper.java:132)
at org.testng.internal.TestInvoker.invokeMethod(TestInvoker.java:599)
at org.testng.internal.TestInvoker.invokeTestMethod(TestInvoker.java:174)
at org.testng.internal.MethodRunner.runInSequence(MethodRunner.java:46)
at org.testng.internal.TestInvoker$MethodInvocationAgent.invoke(TestInvoker.java:822)
at org.testng.internal.TestInvoker.invokeTestMethods(TestInvoker.java:147)
at org.testng.internal.TestMethodWorker.invokeTestMethods(TestMethodWorker.java:146)
at org.testng.internal.TestMethodWorker.run(TestMethodWorker.java:128)
at java.base/java.util.ArrayList.forEach(ArrayList.java:1507)
at org.testng.TestRunner.privateRun(TestRunner.java:764)
at org.testng.TestRunner.run(TestRunner.java:585)
at org.testng.SuiteRunner.runTest(SuiteRunner.java:384)
at org.testng.SuiteRunner.runSequentially(SuiteRunner.java:378)
at org.testng.SuiteRunner.privateRun(SuiteRunner.java:337)
at org.testng.SuiteRunner.run(SuiteRunner.java:286)
at org.testng.SuiteRunnerWorker.runSuite(SuiteRunnerWorker.java:53)
at org.testng.SuiteRunnerWorker.run(SuiteRunnerWorker.java:96)
at org.testng.TestNG.runSuitesSequentially(TestNG.java:1218)
at org.testng.TestNG.runSuitesLocally(TestNG.java:1140)
at org.testng.TestNG.runSuites(TestNG.java:1069)
at org.testng.TestNG.run(TestNG.java:1037)
at org.apache.maven.surefire.testng.TestNGExecutor.run(TestNGExecutor.java:135)
at org.apache.maven.surefire.testng.TestNGDirectoryTestSuite.executeSingleClass(TestNGDirectoryTestSuite.java:112)
at org.apache.maven.surefire.testng.TestNGDirectoryTestSuite.execute(TestNGDirectoryTestSuite.java:99)
at org.apache.maven.surefire.testng.TestNGProvider.invoke(TestNGProvider.java:146)
at org.apache.maven.surefire.booter.ForkedBooter.invokeProviderInSameClassLoader(ForkedBooter.java:386)
at org.apache.maven.surefire.booter.ForkedBooter.runSuitesInProcess(ForkedBooter.java:323)
at org.apache.maven.surefire.booter.ForkedBooter.main(ForkedBooter.java:143)
]]>
            </full-stacktrace>
          </exception> <!-- java.lang.Exception -->
          <reporter-output>
          </reporter-output>
        </test-method> <!-- compareWeathertest -->
        <test-method is-config="true" signature="teardown()[pri:0, instance:com.weather.assignment.Weather.WeatherTest@646007f4]" started-at="2021-06-20T13:13:29 IST" name="teardown" finished-at="2021-06-20T13:13:29 IST" duration-ms="288" status="PASS">
          <reporter-output>
          </reporter-output>
        </test-method> <!-- teardown -->
      </class> <!-- com.weather.assignment.Weather.WeatherTest -->
    </test> <!-- Surefire test -->
  </suite> <!-- Surefire suite -->
</testng-results>
