<?xml version="1.0" encoding="UTF-8"?>
<testsuite xmlns:xsi="http://www.w3.org/2001/XMLSchema-instance" xsi:noNamespaceSchemaLocation="https://maven.apache.org/surefire/maven-surefire-plugin/xsd/surefire-test-report.xsd" name="com.weather.assignment.Weather.WeatherTest" time="37.293" tests="1" errors="0" skipped="0" failures="1">
  <properties>
[...]
</properties>
  <testcase name="tempCompareTest" classname="com.weather.assignment.Weather.WeatherTest" time="17.354">
    <failure message="Error occured in tempratureSearchCityController Index 0 out of bounds for length 0" type="java.lang.Exception">java.lang.Exception: Error occured in tempratureSearchCityController Index 0 out of bounds for length 0
	at com.weather.assignment.Weather.WeatherTest.tempCompareTest(WeatherTest.java:29)
</failure>
    <system-out><![CDATA[0 [main] INFO com.weather.assignment.Weather.DefaultDriverManager  - CHROMEdriver launched
]]></system-out>
    <system-err><![CDATA[Starting ChromeDriver 91.0.4472.19 (1bf021f248676a0b2ab3ee0561d83a59e424c23e-refs/branch-heads/4472@{#288}) on port 31123
Only local connections are allowed.
Please see https://chromedriver.chromium.org/security-considerations for suggestions on keeping ChromeDriver safe.
ChromeDriver was started successfully.
Jun 20, 2021 3:05:06 PM org.openqa.selenium.remote.ProtocolHandshake createSession
INFO: Detected dialect: W3C
]]></system-err>
  </testcase>
</testsuite>